#
# There is insufficient memory for the Java Runtime Environment to continue.
# Native memory allocation (malloc) failed to allocate 819136 bytes for Chunk::new
# Possible reasons:
#   The system is out of physical RAM or swap space
#   In 32 bit mode, the process size limit was hit
# Possible solutions:
#   Reduce memory load on the system
#   Increase physical memory or swap space
#   Check if swap backing store is full
#   Use 64 bit Java on a 64 bit OS
#   Decrease Java heap size (-Xmx/-Xms)
#   Decrease number of Java threads
#   Decrease Java thread stack sizes (-Xss)
#   Set larger code cache with -XX:ReservedCodeCacheSize=
# This output file may be truncated or incomplete.
#
#  Out of Memory Error (allocation.cpp:390), pid=1112, tid=13252
#
# JRE version: Java(TM) SE Runtime Environment (8.0_65-b17) (build 1.8.0_65-b17)
# Java VM: Java HotSpot(TM) 64-Bit Server VM (25.65-b01 mixed mode windows-amd64 compressed oops)
# Failed to write core dump. Minidumps are not enabled by default on client versions of Windows
#

---------------  T H R E A D  ---------------

Current thread (0x0000000019ddd000):  JavaThread "C2 CompilerThread1" daemon [_thread_in_native, id=13252, stack(0x000000001a4b0000,0x000000001a5b0000)]

Stack: [0x000000001a4b0000,0x000000001a5b0000]
[error occurred during error reporting (printing stack bounds), id 0xc0000005]

Native frames: (J=compiled Java code, j=interpreted, Vv=VM code, C=native code)


Current CompileTask:
C2:   7515 3678       4       javafx.scene.CssStyleHelper::resolveLookups (521 bytes)


---------------  P R O C E S S  ---------------

Java Threads: ( => current thread )
  0x000000001daa2000 JavaThread "Prism Font Disposer" daemon [_thread_blocked, id=10996, stack(0x00000000220d0000,0x00000000221d0000)]
  0x000000001da54000 JavaThread "JavaFX-Launcher" [_thread_blocked, id=14636, stack(0x00000000206c0000,0x00000000207c0000)]
  0x000000001dc27000 JavaThread "pool-2-thread-1" [_thread_blocked, id=1596, stack(0x000000001ed10000,0x000000001ee10000)]
  0x000000001de90800 JavaThread "Abandoned connection cleanup thread" daemon [_thread_blocked, id=13692, stack(0x000000001ea10000,0x000000001eb10000)]
  0x000000001aafb800 JavaThread "Thread-2" daemon [_thread_in_native, id=14556, stack(0x000000001d340000,0x000000001d440000)]
  0x000000001aa53800 JavaThread "JavaFX Application Thread" [_thread_blocked, id=15304, stack(0x000000001b840000,0x000000001b940000)]
  0x000000001aa52800 JavaThread "Thread-1" daemon [_thread_blocked, id=12752, stack(0x000000001b670000,0x000000001b770000)]
  0x000000001a9e7800 JavaThread "QuantumRenderer-0" daemon [_thread_blocked, id=13920, stack(0x000000001b1b0000,0x000000001b2b0000)]
  0x0000000019e86800 JavaThread "Service Thread" daemon [_thread_blocked, id=14912, stack(0x000000001a7b0000,0x000000001a8b0000)]
  0x0000000019e0b800 JavaThread "C1 CompilerThread3" daemon [_thread_in_native, id=14892, stack(0x000000001a6b0000,0x000000001a7b0000)]
  0x0000000019df0000 JavaThread "C2 CompilerThread2" daemon [_thread_in_native, id=14324, stack(0x000000001a5b0000,0x000000001a6b0000)]
=>0x0000000019ddd000 JavaThread "C2 CompilerThread1" daemon [_thread_in_native, id=13252, stack(0x000000001a4b0000,0x000000001a5b0000)]
  0x0000000019dda000 JavaThread "C2 CompilerThread0" daemon [_thread_in_native, id=14672, stack(0x000000001a3b0000,0x000000001a4b0000)]
  0x0000000019dd8800 JavaThread "Attach Listener" daemon [_thread_blocked, id=5104, stack(0x000000001a2b0000,0x000000001a3b0000)]
  0x0000000019dd7000 JavaThread "Signal Dispatcher" daemon [_thread_blocked, id=4336, stack(0x000000001a1b0000,0x000000001a2b0000)]
  0x0000000002b1c800 JavaThread "Finalizer" daemon [_thread_blocked, id=5744, stack(0x00000000199f0000,0x0000000019af0000)]
  0x0000000002b15000 JavaThread "Reference Handler" daemon [_thread_blocked, id=14756, stack(0x00000000198f0000,0x00000000199f0000)]
  0x0000000002a23800 JavaThread "main" [_thread_blocked, id=15040, stack(0x0000000002920000,0x0000000002a20000)]

Other Threads:
  0x0000000017b29800 VMThread [stack: 0x00000000197f0000,0x00000000198f0000] [id=14712]
  0x0000000019ea3000 WatcherThread [stack: 0x000000001a8b0000,0x000000001a9b0000] [id=14700]

VM state:not at safepoint (normal execution)

VM Mutex/Monitor currently owned by a thread: None

Heap:
 PSYoungGen      total 53248K, used 16820K [0x00000000d5900000, 0x00000000d9a80000, 0x0000000100000000)
  eden space 42496K, 39% used [0x00000000d5900000,0x00000000d696d018,0x00000000d8280000)
  from space 10752K, 0% used [0x00000000d8e80000,0x00000000d8e80000,0x00000000d9900000)
  to   space 12288K, 0% used [0x00000000d8280000,0x00000000d8280000,0x00000000d8e80000)
 ParOldGen       total 68096K, used 17186K [0x0000000080a00000, 0x0000000084c80000, 0x00000000d5900000)
  object space 68096K, 25% used [0x0000000080a00000,0x0000000081ac89d0,0x0000000084c80000)
 Metaspace       used 36511K, capacity 37912K, committed 38144K, reserved 1081344K
  class space    used 5061K, capacity 5313K, committed 5376K, reserved 1048576K

Card table byte_map: [0x0000000011ee0000,0x00000000122e0000] byte_map_base: 0x0000000011adb000

Marking Bits: (ParMarkBitMap*) 0x0000000056d2a5b0
 Begin Bits: [0x0000000012d90000, 0x0000000014d68000)
 End Bits:   [0x0000000014d68000, 0x0000000016d40000)

Polling page: 0x0000000002610000

CodeCache: size=245760Kb used=11371Kb max_used=11371Kb free=234388Kb
 bounds [0x0000000002b20000, 0x0000000003650000, 0x0000000011b20000]
 total_blobs=4524 nmethods=3706 adapters=730
 compilation: enabled

Compilation events (10 events):
Event: 7.506 Thread 0x0000000019e0b800 nmethod 3701 0x0000000003631590 code [0x0000000003631c60, 0x0000000003636748]
Event: 7.506 Thread 0x0000000019e0b800 3702       3       javafx.collections.FXCollections::unmodifiableObservableList (21 bytes)
Event: 7.507 Thread 0x0000000019e0b800 nmethod 3702 0x000000000362b290 code [0x000000000362b400, 0x000000000362b6b8]
Event: 7.507 Thread 0x0000000019e0b800 3703       3       javafx.collections.FXCollections$UnmodifiableObservableListImpl::<init> (40 bytes)
Event: 7.507 Thread 0x0000000019dda000 3704       4       java.util.AbstractList$Itr::hasNext (20 bytes)
Event: 7.507 Thread 0x0000000019dda000 nmethod 3704 0x000000000362b050 code [0x000000000362b180, 0x000000000362b218]
Event: 7.507 Thread 0x0000000019e0b800 nmethod 3703 0x000000000363ae90 code [0x000000000363b0a0, 0x000000000363bbf8]
Event: 7.508 Thread 0x0000000019e0b800 3705       3       com.sun.javafx.css.SelectorPartitioning::match (700 bytes)
Event: 7.511 Thread 0x0000000019e0b800 nmethod 3705 0x000000000363c290 code [0x000000000363c7c0, 0x000000000363fc38]
Event: 7.511 Thread 0x0000000019e0b800 3706       3       java.lang.invoke.CallSite::maybeReBoxElements (24 bytes)

GC Heap History (10 events):
Event: 1.261 GC heap before
{Heap before GC invocations=4 (full 1):
 PSYoungGen      total 38400K, used 5106K [0x00000000d5900000, 0x00000000d8380000, 0x0000000100000000)
  eden space 33280K, 0% used [0x00000000d5900000,0x00000000d5900000,0x00000000d7980000)
  from space 5120K, 99% used [0x00000000d7980000,0x00000000d7e7cad0,0x00000000d7e80000)
  to   space 5120K, 0% used [0x00000000d7e80000,0x00000000d7e80000,0x00000000d8380000)
 ParOldGen       total 87552K, used 6789K [0x0000000080a00000, 0x0000000085f80000, 0x00000000d5900000)
  object space 87552K, 7% used [0x0000000080a00000,0x00000000810a1540,0x0000000085f80000)
 Metaspace       used 20856K, capacity 21086K, committed 21296K, reserved 1069056K
  class space    used 2539K, capacity 2633K, committed 2688K, reserved 1048576K
Event: 1.281 GC heap after
Heap after GC invocations=4 (full 1):
 PSYoungGen      total 38400K, used 0K [0x00000000d5900000, 0x00000000d8380000, 0x0000000100000000)
  eden space 33280K, 0% used [0x00000000d5900000,0x00000000d5900000,0x00000000d7980000)
  from space 5120K, 0% used [0x00000000d7980000,0x00000000d7980000,0x00000000d7e80000)
  to   space 5120K, 0% used [0x00000000d7e80000,0x00000000d7e80000,0x00000000d8380000)
 ParOldGen       total 68096K, used 8579K [0x0000000080a00000, 0x0000000084c80000, 0x00000000d5900000)
  object space 68096K, 12% used [0x0000000080a00000,0x0000000081260cb8,0x0000000084c80000)
 Metaspace       used 20856K, capacity 21086K, committed 21296K, reserved 1069056K
  class space    used 2539K, capacity 2633K, committed 2688K, reserved 1048576K
}
Event: 1.712 GC heap before
{Heap before GC invocations=5 (full 1):
 PSYoungGen      total 38400K, used 33280K [0x00000000d5900000, 0x00000000d8380000, 0x0000000100000000)
  eden space 33280K, 100% used [0x00000000d5900000,0x00000000d7980000,0x00000000d7980000)
  from space 5120K, 0% used [0x00000000d7980000,0x00000000d7980000,0x00000000d7e80000)
  to   space 5120K, 0% used [0x00000000d7e80000,0x00000000d7e80000,0x00000000d8380000)
 ParOldGen       total 68096K, used 8579K [0x0000000080a00000, 0x0000000084c80000, 0x00000000d5900000)
  object space 68096K, 12% used [0x0000000080a00000,0x0000000081260cb8,0x0000000084c80000)
 Metaspace       used 23088K, capacity 23408K, committed 23808K, reserved 1071104K
  class space    used 2825K, capacity 2956K, committed 3072K, reserved 1048576K
Event: 1.714 GC heap after
Heap after GC invocations=5 (full 1):
 PSYoungGen      total 38400K, used 2829K [0x00000000d5900000, 0x00000000d8f00000, 0x0000000100000000)
  eden space 33280K, 0% used [0x00000000d5900000,0x00000000d5900000,0x00000000d7980000)
  from space 5120K, 55% used [0x00000000d7e80000,0x00000000d8143608,0x00000000d8380000)
  to   space 5120K, 0% used [0x00000000d7980000,0x00000000d7980000,0x00000000d7e80000)
 ParOldGen       total 68096K, used 8587K [0x0000000080a00000, 0x0000000084c80000, 0x00000000d5900000)
  object space 68096K, 12% used [0x0000000080a00000,0x0000000081262cb8,0x0000000084c80000)
 Metaspace       used 23088K, capacity 23408K, committed 23808K, reserved 1071104K
  class space    used 2825K, capacity 2956K, committed 3072K, reserved 1048576K
}
Event: 2.427 GC heap before
{Heap before GC invocations=6 (full 1):
 PSYoungGen      total 38400K, used 36109K [0x00000000d5900000, 0x00000000d8f00000, 0x0000000100000000)
  eden space 33280K, 100% used [0x00000000d5900000,0x00000000d7980000,0x00000000d7980000)
  from space 5120K, 55% used [0x00000000d7e80000,0x00000000d8143608,0x00000000d8380000)
  to   space 5120K, 0% used [0x00000000d7980000,0x00000000d7980000,0x00000000d7e80000)
 ParOldGen       total 68096K, used 8587K [0x0000000080a00000, 0x0000000084c80000, 0x00000000d5900000)
  object space 68096K, 12% used [0x0000000080a00000,0x0000000081262cb8,0x0000000084c80000)
 Metaspace       used 31627K, capacity 32116K, committed 32256K, reserved 1077248K
  class space    used 4185K, capacity 4337K, committed 4352K, reserved 1048576K
Event: 2.431 GC heap after
Heap after GC invocations=6 (full 1):
 PSYoungGen      total 38400K, used 5093K [0x00000000d5900000, 0x00000000d9900000, 0x0000000100000000)
  eden space 33280K, 0% used [0x00000000d5900000,0x00000000d5900000,0x00000000d7980000)
  from space 5120K, 99% used [0x00000000d7980000,0x00000000d7e79540,0x00000000d7e80000)
  to   space 10752K, 0% used [0x00000000d8e80000,0x00000000d8e80000,0x00000000d9900000)
 ParOldGen       total 68096K, used 9792K [0x0000000080a00000, 0x0000000084c80000, 0x00000000d5900000)
  object space 68096K, 14% used [0x0000000080a00000,0x0000000081390218,0x0000000084c80000)
 Metaspace       used 31627K, capacity 32116K, committed 32256K, reserved 1077248K
  class space    used 4185K, capacity 4337K, committed 4352K, reserved 1048576K
}
Event: 6.218 GC heap before
{Heap before GC invocations=7 (full 1):
 PSYoungGen      total 38400K, used 26133K [0x00000000d5900000, 0x00000000d9900000, 0x0000000100000000)
  eden space 33280K, 63% used [0x00000000d5900000,0x00000000d6d8bf40,0x00000000d7980000)
  from space 5120K, 99% used [0x00000000d7980000,0x00000000d7e79540,0x00000000d7e80000)
  to   space 10752K, 0% used [0x00000000d8e80000,0x00000000d8e80000,0x00000000d9900000)
 ParOldGen       total 68096K, used 9792K [0x0000000080a00000, 0x0000000084c80000, 0x00000000d5900000)
  object space 68096K, 14% used [0x0000000080a00000,0x0000000081390218,0x0000000084c80000)
 Metaspace       used 34483K, capacity 35440K, committed 35496K, reserved 1079296K
  class space    used 4748K, capacity 4953K, committed 4992K, reserved 1048576K
Event: 6.224 GC heap after
Heap after GC invocations=7 (full 1):
 PSYoungGen      total 53248K, used 9450K [0x00000000d5900000, 0x00000000d9a80000, 0x0000000100000000)
  eden space 42496K, 0% used [0x00000000d5900000,0x00000000d5900000,0x00000000d8280000)
  from space 10752K, 87% used [0x00000000d8e80000,0x00000000d97babe8,0x00000000d9900000)
  to   space 12288K, 0% used [0x00000000d8280000,0x00000000d8280000,0x00000000d8e80000)
 ParOldGen       total 68096K, used 13896K [0x0000000080a00000, 0x0000000084c80000, 0x00000000d5900000)
  object space 68096K, 20% used [0x0000000080a00000,0x0000000081792238,0x0000000084c80000)
 Metaspace       used 34483K, capacity 35440K, committed 35496K, reserved 1079296K
  class space    used 4748K, capacity 4953K, committed 4992K, reserved 1048576K
}
Event: 6.224 GC heap before
{Heap before GC invocations=8 (full 2):
 PSYoungGen      total 53248K, used 9450K [0x00000000d5900000, 0x00000000d9a80000, 0x0000000100000000)
  eden space 42496K, 0% used [0x00000000d5900000,0x00000000d5900000,0x00000000d8280000)
  from space 10752K, 87% used [0x00000000d8e80000,0x00000000d97babe8,0x00000000d9900000)
  to   space 12288K, 0% used [0x00000000d8280000,0x00000000d8280000,0x00000000d8e80000)
 ParOldGen       total 68096K, used 13896K [0x0000000080a00000, 0x0000000084c80000, 0x00000000d5900000)
  object space 68096K, 20% used [0x0000000080a00000,0x0000000081792238,0x0000000084c80000)
 Metaspace       used 34483K, capacity 35440K, committed 35496K, reserved 1079296K
  class space    used 4748K, capacity 4953K, committed 4992K, reserved 1048576K
Event: 6.261 GC heap after
Heap after GC invocations=8 (full 2):
 PSYoungGen      total 53248K, used 0K [0x00000000d5900000, 0x00000000d9a80000, 0x0000000100000000)
  eden space 42496K, 0% used [0x00000000d5900000,0x00000000d5900000,0x00000000d8280000)
  from space 10752K, 0% used [0x00000000d8e80000,0x00000000d8e80000,0x00000000d9900000)
  to   space 12288K, 0% used [0x00000000d8280000,0x00000000d8280000,0x00000000d8e80000)
 ParOldGen       total 68096K, used 17186K [0x0000000080a00000, 0x0000000084c80000, 0x00000000d5900000)
  object space 68096K, 25% used [0x0000000080a00000,0x0000000081ac89d0,0x0000000084c80000)
 Metaspace       used 34483K, capacity 35440K, committed 35496K, reserved 1079296K
  class space    used 4748K, capacity 4953K, committed 4992K, reserved 1048576K
}

Deoptimization events (10 events):
Event: 6.267 Thread 0x000000001aa53800 Uncommon trap: reason=class_check action=maybe_recompile pc=0x000000000313fd0c method=java.util.Collections$UnmodifiableCollection.contains(Ljava/lang/Object;)Z @ 5
Event: 6.267 Thread 0x000000001aa53800 Uncommon trap: reason=class_check action=maybe_recompile pc=0x000000000313fd0c method=java.util.Collections$UnmodifiableCollection.contains(Ljava/lang/Object;)Z @ 5
Event: 6.267 Thread 0x000000001aa53800 Uncommon trap: reason=class_check action=maybe_recompile pc=0x000000000313fd0c method=java.util.Collections$UnmodifiableCollection.contains(Ljava/lang/Object;)Z @ 5
Event: 6.288 Thread 0x000000001aa53800 Uncommon trap: reason=unstable_if action=reinterpret pc=0x000000000345bd00 method=com.sun.javafx.css.BitSet.add(Ljava/lang/Object;)Z @ 91
Event: 7.439 Thread 0x000000001aa53800 Uncommon trap: reason=array_check action=maybe_recompile pc=0x00000000034e0600 method=com.sun.javafx.css.SimpleSelector.applies(Ljavafx/css/Styleable;[Ljava/util/Set;I)Z @ 37
Event: 7.439 Thread 0x000000001aa53800 Uncommon trap: reason=array_check action=maybe_recompile pc=0x00000000034e0600 method=com.sun.javafx.css.SimpleSelector.applies(Ljavafx/css/Styleable;[Ljava/util/Set;I)Z @ 37
Event: 7.440 Thread 0x000000001aa53800 Uncommon trap: reason=array_check action=maybe_recompile pc=0x00000000034e0600 method=com.sun.javafx.css.SimpleSelector.applies(Ljavafx/css/Styleable;[Ljava/util/Set;I)Z @ 37
Event: 7.440 Thread 0x000000001aa53800 Uncommon trap: reason=array_check action=maybe_recompile pc=0x00000000034e0600 method=com.sun.javafx.css.SimpleSelector.applies(Ljavafx/css/Styleable;[Ljava/util/Set;I)Z @ 37
Event: 7.469 Thread 0x000000001aa53800 Uncommon trap: reason=unstable_if action=reinterpret pc=0x00000000033fe5cc method=java.util.ArrayList.indexOf(Ljava/lang/Object;)I @ 1
Event: 7.491 Thread 0x000000001aa53800 Uncommon trap: reason=bimorphic action=maybe_recompile pc=0x00000000035e58a8 method=java.util.WeakHashMap.eq(Ljava/lang/Object;Ljava/lang/Object;)Z @ 7

Internal exceptions (10 events):
Event: 0.971 Thread 0x0000000002a23800 Exception <a 'java/lang/NullPointerException'> (0x00000000d5c4f5e8) thrown at [C:\workspace\8-2-build-windows-amd64-cygwin\jdk8u65\4987\hotspot\src\share\vm\runtime\reflection.cpp, line 922]
Event: 1.022 Thread 0x0000000002a23800 Exception <a 'java/lang/ArrayIndexOutOfBoundsException'> (0x00000000d5fbf6b0) thrown at [C:\workspace\8-2-build-windows-amd64-cygwin\jdk8u65\4987\hotspot\src\share\vm\runtime\sharedRuntime.cpp, line 605]
Event: 1.079 Thread 0x0000000002a23800 Exception <a 'java/lang/ArrayIndexOutOfBoundsException'> (0x00000000d6408e70) thrown at [C:\workspace\8-2-build-windows-amd64-cygwin\jdk8u65\4987\hotspot\src\share\vm\runtime\sharedRuntime.cpp, line 605]
Event: 1.079 Thread 0x0000000002a23800 Exception <a 'java/lang/ArrayIndexOutOfBoundsException'> (0x00000000d640a248) thrown at [C:\workspace\8-2-build-windows-amd64-cygwin\jdk8u65\4987\hotspot\src\share\vm\runtime\sharedRuntime.cpp, line 605]
Event: 1.080 Thread 0x0000000002a23800 Exception <a 'java/lang/ArrayIndexOutOfBoundsException'> (0x00000000d640b608) thrown at [C:\workspace\8-2-build-windows-amd64-cygwin\jdk8u65\4987\hotspot\src\share\vm\runtime\sharedRuntime.cpp, line 605]
Event: 1.084 Thread 0x0000000002a23800 Exception <a 'java/lang/ArrayIndexOutOfBoundsException': 52> (0x00000000d6450ca8) thrown at [C:\workspace\8-2-build-windows-amd64-cygwin\jdk8u65\4987\hotspot\src\share\vm\interpreter\interpreterRuntime.cpp, line 366]
Event: 1.084 Thread 0x0000000002a23800 Exception <a 'java/lang/ArrayIndexOutOfBoundsException': 51> (0x00000000d6451968) thrown at [C:\workspace\8-2-build-windows-amd64-cygwin\jdk8u65\4987\hotspot\src\share\vm\interpreter\interpreterRuntime.cpp, line 366]
Event: 2.044 Thread 0x000000001aa53800 Exception <a 'java/lang/NullPointerException'> (0x00000000d6ba1720) thrown at [C:\workspace\8-2-build-windows-amd64-cygwin\jdk8u65\4987\hotspot\src\share\vm\interpreter\linkResolver.cpp, line 1178]
Event: 2.044 Thread 0x000000001aa53800 Exception <a 'java/lang/NullPointerException'> (0x00000000d6ba1720) thrown at [C:\workspace\8-2-build-windows-amd64-cygwin\jdk8u65\4987\hotspot\src\share\vm\prims\jvm.cpp, line 1390]
Event: 7.469 Thread 0x000000001aa53800 Implicit null exception at 0x00000000033fe3d6 to 0x00000000033fe5ba

Events (10 events):
Event: 7.510 loading class com/sun/javafx/scene/control/skin/TableViewSkin
Event: 7.510 loading class com/sun/javafx/scene/control/skin/TableViewSkin done
Event: 7.511 loading class com/sun/javafx/scene/control/skin/TableViewSkin
Event: 7.511 loading class com/sun/javafx/scene/control/skin/TableViewSkin done
Event: 7.511 loading class com/sun/javafx/scene/control/skin/TableViewSkin
Event: 7.511 loading class com/sun/javafx/scene/control/skin/TableViewSkin done
Event: 7.511 loading class com/sun/javafx/scene/control/skin/TableViewSkin
Event: 7.511 loading class com/sun/javafx/scene/control/skin/TableViewSkin done
Event: 7.511 loading class com/sun/javafx/scene/control/skin/TableViewSkin
Event: 7.511 loading class com/sun/javafx/scene/control/skin/TableViewSkin done


Dynamic libraries:
0x00007ff768f90000 - 0x00007ff768fc7000 	C:\Program Files\Java\jdk1.8.0_65\bin\javaw.exe
0x00007ff8f5c70000 - 0x00007ff8f5e1c000 	C:\Windows\SYSTEM32\ntdll.dll
0x00007ff8f5050000 - 0x00007ff8f518a000 	C:\Windows\system32\KERNEL32.DLL
0x00007ff8f3030000 - 0x00007ff8f313f000 	C:\Windows\system32\KERNELBASE.dll
0x00007ff8f1ab0000 - 0x00007ff8f1b3e000 	C:\Windows\system32\apphelp.dll
0x00007ff8d9800000 - 0x00007ff8d9853000 	C:\Windows\AppPatch\AppPatch64\AcGenral.DLL
0x00007ff8f4f40000 - 0x00007ff8f4fe7000 	C:\Windows\system32\msvcrt.dll
0x00007ff8f2d60000 - 0x00007ff8f2d8b000 	C:\Windows\SYSTEM32\SspiCli.dll
0x00007ff8f3950000 - 0x00007ff8f39a1000 	C:\Windows\system32\SHLWAPI.dll
0x00007ff8f36e0000 - 0x00007ff8f3851000 	C:\Windows\system32\USER32.dll
0x00007ff8f33c0000 - 0x00007ff8f3538000 	C:\Windows\system32\ole32.dll
0x00007ff8f3a10000 - 0x00007ff8f4f28000 	C:\Windows\system32\SHELL32.dll
0x00007ff8f2520000 - 0x00007ff8f253e000 	C:\Windows\SYSTEM32\USERENV.dll
0x00007ff8f54c0000 - 0x00007ff8f5565000 	C:\Windows\system32\ADVAPI32.dll
0x00007ff8e1b70000 - 0x00007ff8e1b8b000 	C:\Windows\SYSTEM32\MPR.dll
0x00007ff8f5750000 - 0x00007ff8f5887000 	C:\Windows\system32\RPCRT4.dll
0x00007ff8f5890000 - 0x00007ff8f58e9000 	C:\Windows\SYSTEM32\sechost.dll
0x00007ff8f5570000 - 0x00007ff8f5746000 	C:\Windows\SYSTEM32\combase.dll
0x00007ff8f5190000 - 0x00007ff8f52d4000 	C:\Windows\system32\GDI32.dll
0x00007ff8f2eb0000 - 0x00007ff8f2ec4000 	C:\Windows\SYSTEM32\profapi.dll
0x00007ff8f0ed0000 - 0x00007ff8f0f82000 	C:\Windows\SYSTEM32\SHCORE.dll
0x00007ff8f3910000 - 0x00007ff8f3944000 	C:\Windows\system32\IMM32.DLL
0x00007ff8f5900000 - 0x00007ff8f5a52000 	C:\Windows\system32\MSCTF.dll
0x0000000057970000 - 0x00000000579f8000 	C:\Windows\System32\SYSFER.DLL
0x00007ff8efed0000 - 0x00007ff8f014b000 	C:\Windows\WinSxS\amd64_microsoft.windows.common-controls_6595b64144ccf1df_6.0.9600.17784_none_624760d1ecb7236e\COMCTL32.dll
0x0000000056db0000 - 0x0000000056e82000 	C:\Program Files\Java\jdk1.8.0_65\jre\bin\msvcr100.dll
0x0000000056520000 - 0x0000000056da9000 	C:\Program Files\Java\jdk1.8.0_65\jre\bin\server\jvm.dll
0x00007ff8eb880000 - 0x00007ff8eb889000 	C:\Windows\SYSTEM32\WSOCK32.dll
0x00007ff8efac0000 - 0x00007ff8efadf000 	C:\Windows\SYSTEM32\WINMM.dll
0x00007ff8f0ec0000 - 0x00007ff8f0eca000 	C:\Windows\SYSTEM32\VERSION.dll
0x00007ff8f5c60000 - 0x00007ff8f5c67000 	C:\Windows\system32\PSAPI.DLL
0x00007ff8f4ff0000 - 0x00007ff8f5048000 	C:\Windows\system32\WS2_32.dll
0x00007ff8efa50000 - 0x00007ff8efa7a000 	C:\Windows\SYSTEM32\WINMMBASE.dll
0x00007ff8f4f30000 - 0x00007ff8f4f39000 	C:\Windows\system32\NSI.dll
0x00007ff8f3190000 - 0x00007ff8f31da000 	C:\Windows\SYSTEM32\cfgmgr32.dll
0x00007ff8f1d00000 - 0x00007ff8f1d26000 	C:\Windows\SYSTEM32\DEVOBJ.dll
0x0000000056510000 - 0x000000005651f000 	C:\Program Files\Java\jdk1.8.0_65\jre\bin\verify.dll
0x00000000564e0000 - 0x0000000056509000 	C:\Program Files\Java\jdk1.8.0_65\jre\bin\java.dll
0x00000000564c0000 - 0x00000000564d6000 	C:\Program Files\Java\jdk1.8.0_65\jre\bin\zip.dll
0x00007ff8d6ae0000 - 0x00007ff8d6bcf000 	C:\Program Files\Java\jdk1.8.0_65\jre\bin\msvcr120.dll
0x00007ff8d83a0000 - 0x00007ff8d8446000 	C:\Program Files\Java\jdk1.8.0_65\jre\bin\msvcp120.dll
0x0000000056490000 - 0x00000000564b3000 	C:\Program Files\Java\jdk1.8.0_65\jre\bin\prism_d3d.dll
0x00007ff8d68d0000 - 0x00007ff8d6ad8000 	C:\Windows\system32\d3d9.dll
0x00007ff8f0ea0000 - 0x00007ff8f0ec0000 	C:\Windows\SYSTEM32\dwmapi.dll
0x00007ff8f1bd0000 - 0x00007ff8f1cf1000 	C:\Windows\system32\uxtheme.dll
0x00007ff8f0f90000 - 0x00007ff8f10bf000 	C:\Windows\SYSTEM32\aticfx64.dll
0x00007ff8f0390000 - 0x00007ff8f03b0000 	C:\Windows\SYSTEM32\atiu9p64.dll
0x00007ff8cd0b0000 - 0x00007ff8cd797000 	C:\Windows\SYSTEM32\atiumd64.dll
0x0000000055690000 - 0x0000000055d09000 	C:\Windows\SYSTEM32\atiumd6a.dll
0x0000000055dc0000 - 0x0000000055e03000 	C:\Program Files\Java\jdk1.8.0_65\jre\bin\glass.dll
0x00007ff8f5a60000 - 0x00007ff8f5afa000 	C:\Windows\system32\COMDLG32.dll
0x00007ff8f5b20000 - 0x00007ff8f5be1000 	C:\Windows\system32\OLEAUT32.dll
0x00007ff8f1d30000 - 0x00007ff8f1d3a000 	C:\Windows\SYSTEM32\kernel.appcore.dll
0x00007ff8f2df0000 - 0x00007ff8f2dfa000 	C:\Windows\SYSTEM32\CRYPTBASE.dll
0x00007ff8f2d90000 - 0x00007ff8f2df0000 	C:\Windows\SYSTEM32\bcryptPrimitives.dll
0x0000000055da0000 - 0x0000000055dba000 	C:\Program Files\Java\jdk1.8.0_65\jre\bin\net.dll
0x00007ff8f2770000 - 0x00007ff8f27c8000 	C:\Windows\system32\mswsock.dll
0x00007ff8f27d0000 - 0x00007ff8f27ee000 	C:\Windows\SYSTEM32\CRYPTSP.dll
0x00007ff8f2410000 - 0x00007ff8f2445000 	C:\Windows\system32\rsaenh.dll
0x00007ff8f2a60000 - 0x00007ff8f2a86000 	C:\Windows\SYSTEM32\bcrypt.dll
0x00007ff8ee7f0000 - 0x00007ff8ee819000 	C:\Windows\SYSTEM32\IPHLPAPI.DLL
0x00007ff8ee7e0000 - 0x00007ff8ee7ea000 	C:\Windows\SYSTEM32\WINNSI.DLL
0x00007ff8ee560000 - 0x00007ff8ee574000 	C:\Windows\SYSTEM32\dhcpcsvc6.DLL
0x00007ff8ee4a0000 - 0x00007ff8ee4b9000 	C:\Windows\SYSTEM32\dhcpcsvc.DLL
0x0000000055d80000 - 0x0000000055d91000 	C:\Program Files\Java\jdk1.8.0_65\jre\bin\nio.dll
0x0000000055d30000 - 0x0000000055d44000 	C:\Program Files\Java\jdk1.8.0_65\jre\bin\javafx_font.dll
0x00007ff8ef820000 - 0x00007ff8efa07000 	C:\Windows\SYSTEM32\dwrite.dll
0x00007ff8f3860000 - 0x00007ff8f3904000 	C:\Windows\SYSTEM32\clbcatq.dll
0x00007ff8ef290000 - 0x00007ff8ef43e000 	C:\Windows\SYSTEM32\WindowsCodecs.dll
0x00007ff8e4520000 - 0x00007ff8e454e000 	C:\Program Files\Common Files\Microsoft Shared\Ink\rtscom.dll
0x0000000055d10000 - 0x0000000055d21000 	C:\Program Files\Java\jdk1.8.0_65\jre\bin\prism_common.dll

VM Arguments:
jvm_args: -Dfile.encoding=Cp1252 
java_command: application.Main
java_class_path (initial): C:\Users\Tecnico_Noite\Desktop\WorkspaceDesktop\HM_Patrimonio\bin;C:\Users\Tecnico_Noite\Desktop\WorkspaceDesktop\HM_Patrimonio\libs\antlr-2.7.7.jar;C:\Users\Tecnico_Noite\Desktop\WorkspaceDesktop\HM_Patrimonio\libs\aopalliance.jar;C:\Users\Tecnico_Noite\Desktop\WorkspaceDesktop\HM_Patrimonio\libs\classmate-1.0.0.jar;C:\Users\Tecnico_Noite\Desktop\WorkspaceDesktop\HM_Patrimonio\libs\commons-logging-1.2.jar;C:\Users\Tecnico_Noite\Desktop\WorkspaceDesktop\HM_Patrimonio\libs\dom4j-1.6.1.jar;C:\Users\Tecnico_Noite\Desktop\WorkspaceDesktop\HM_Patrimonio\libs\hibernate-commons-annotations-4.0.5.Final.jar;C:\Users\Tecnico_Noite\Desktop\WorkspaceDesktop\HM_Patrimonio\libs\hibernate-core-4.3.8.Final.jar;C:\Users\Tecnico_Noite\Desktop\WorkspaceDesktop\HM_Patrimonio\libs\hibernate-entitymanager-4.3.8.Final.jar;C:\Users\Tecnico_Noite\Desktop\WorkspaceDesktop\HM_Patrimonio\libs\hibernate-jpa-2.1-api-1.0.0.Final.jar;C:\Users\Tecnico_Noite\Desktop\WorkspaceDesktop\HM_Patrimonio\libs\hibernate-validator-5.1.3.Final.jar;C:\Users\Tecnico_Noite\Desktop\WorkspaceDesktop\HM_Patrimonio\libs\jandex-1.1.0.Final.jar;C:\Users\Tecnico_Noite\Desktop\WorkspaceDesktop\HM_Patrimonio\libs\javassist-3.18.1-GA.jar;C:\Users\Tecnico_Noite\Desktop\WorkspaceDesktop\HM_Patrimonio\libs\javax.servlet.jsp.jstl-1.2.1.jar;C:\Users\Tecnico_Noite\Desktop\WorkspaceDesktop\HM_Patrimonio\libs\javax.servlet.jsp.jstl-api-1.2.1.jar;C:\Users\Tecnico_Noite\Desktop\WorkspaceDesktop\HM_Patrimonio\libs\jboss-logging-3.1.3.GA.jar;C:\Users\Tecnico_Noite\Desktop\WorkspaceDesktop\HM_Patrimonio\libs\jboss-logging-annotations-1.2.0.Beta1.jar;C:\Users\Tecnico_Noite\Desktop\WorkspaceDesktop\HM_Patrimonio\libs\jboss-transaction-api_1.2_spec-1.0.0.Final.jar;C:\Users\Tecnico_Noite\Desktop\WorkspaceDesktop\HM_Patrimonio\libs\log4j-1.2.16.jar;C:\Users\Tecnico_Noite\Desktop\WorkspaceDesktop\HM_Patrimonio\libs\mysql-connector-java-5.1.34-bin.jar;C:\Users\Tecnico_Noite\Desktop\WorkspaceDesktop\HM_Patrimonio\l
Launcher Type: SUN_STANDARD

Environment Variables:
PATH=C:/Program Files/Java/jre1.8.0_65/bin/server;C:/Program Files/Java/jre1.8.0_65/bin;C:/Program Files/Java/jre1.8.0_65/lib/amd64;C:\ProgramData\Oracle\Java\javapath;C:\Windows\system32;C:\Windows;C:\Windows\System32\Wbem;C:\Windows\System32\WindowsPowerShell\v1.0\;c:\Program Files\Java\jdk1.8.0_25\bin;C:\Program Files\MySQL\MySQL Server 5.6\bin;C:\Users\Tecnico_Noite\Desktop\Nova pasta\Eclipse FX\eclipse;
USERNAME=Tecnico_Noite
OS=Windows_NT
PROCESSOR_IDENTIFIER=Intel64 Family 6 Model 42 Stepping 7, GenuineIntel



---------------  S Y S T E M  ---------------

OS: Windows 8.1 , 64 bit Build 9600 (6.3.9600.17056)

CPU:total 8 (4 cores per cpu, 2 threads per core) family 6 model 42 stepping 7, cmov, cx8, fxsr, mmx, sse, sse2, sse3, ssse3, sse4.1, sse4.2, popcnt, avx, aes, clmul, ht, tsc, tscinvbit

Memory: 4k page, physical 8344512k(1424708k free), swap 33510336k(5404k free)

vm_info: Java HotSpot(TM) 64-Bit Server VM (25.65-b01) for windows-amd64 JRE (1.8.0_65-b17), built on Oct  6 2015 16:39:20 by "java_re" with MS VC++ 10.0 (VS2010)

time: Thu Nov 12 21:14:42 2015
elapsed time: 7 seconds (0d 0h 0m 7s)

