#
# There is insufficient memory for the Java Runtime Environment to continue.
# Native memory allocation (malloc) failed to allocate 462256 bytes for Chunk::new
# Possible reasons:
#   The system is out of physical RAM or swap space
#   In 32 bit mode, the process size limit was hit
# Possible solutions:
#   Reduce memory load on the system
#   Increase physical memory or swap space
#   Check if swap backing store is full
#   Use 64 bit Java on a 64 bit OS
#   Decrease Java heap size (-Xmx/-Xms)
#   Decrease number of Java threads
#   Decrease Java thread stack sizes (-Xss)
#   Set larger code cache with -XX:ReservedCodeCacheSize=
# This output file may be truncated or incomplete.
#
#  Out of Memory Error (allocation.cpp:390), pid=4444, tid=4916
#
# JRE version: Java(TM) SE Runtime Environment (8.0_65-b17) (build 1.8.0_65-b17)
# Java VM: Java HotSpot(TM) 64-Bit Server VM (25.65-b01 mixed mode windows-amd64 compressed oops)
# Failed to write core dump. Minidumps are not enabled by default on client versions of Windows
#

---------------  T H R E A D  ---------------

Current thread (0x0000000017d9d000):  JavaThread "C2 CompilerThread2" daemon [_thread_in_native, id=4916, stack(0x000000001a810000,0x000000001a910000)]

Stack: [0x000000001a810000,0x000000001a910000]
[error occurred during error reporting (printing stack bounds), id 0xc0000005]

Native frames: (J=compiled Java code, j=interpreted, Vv=VM code, C=native code)


Current CompileTask:
C2:  12640 4043       4       com.sun.javafx.css.StyleManager$Cache::getStyleMap (400 bytes)


---------------  P R O C E S S  ---------------

Java Threads: ( => current thread )
  0x000000001a058000 JavaThread "Prism Font Disposer" daemon [_thread_blocked, id=14936, stack(0x0000000022050000,0x0000000022150000)]
  0x000000001a054000 JavaThread "JavaFX-Launcher" [_thread_blocked, id=10580, stack(0x000000001f9b0000,0x000000001fab0000)]
  0x000000001a056000 JavaThread "pool-2-thread-1" [_thread_blocked, id=15320, stack(0x000000001efd0000,0x000000001f0d0000)]
  0x000000001a057800 JavaThread "Abandoned connection cleanup thread" daemon [_thread_blocked, id=15592, stack(0x000000001ecd0000,0x000000001edd0000)]
  0x000000001a056800 JavaThread "Thread-2" daemon [_thread_in_native, id=14900, stack(0x000000001d600000,0x000000001d700000)]
  0x000000001a055000 JavaThread "JavaFX Application Thread" [_thread_in_Java, id=516, stack(0x000000001ba40000,0x000000001bb40000)]
  0x000000001a051000 JavaThread "Thread-1" daemon [_thread_in_Java, id=5760, stack(0x000000001b880000,0x000000001b980000)]
  0x000000001a053800 JavaThread "QuantumRenderer-0" daemon [_thread_in_native, id=3292, stack(0x000000001b410000,0x000000001b510000)]
  0x000000001a0dc800 JavaThread "Service Thread" daemon [_thread_blocked, id=5624, stack(0x000000001aa10000,0x000000001ab10000)]
  0x000000001a052000 JavaThread "C1 CompilerThread3" daemon [_thread_in_native, id=4616, stack(0x000000001a910000,0x000000001aa10000)]
=>0x0000000017d9d000 JavaThread "C2 CompilerThread2" daemon [_thread_in_native, id=4916, stack(0x000000001a810000,0x000000001a910000)]
  0x000000001a047800 JavaThread "C2 CompilerThread1" daemon [_thread_blocked, id=4408, stack(0x000000001a710000,0x000000001a810000)]
  0x000000001a041000 JavaThread "C2 CompilerThread0" daemon [_thread_blocked, id=15288, stack(0x000000001a610000,0x000000001a710000)]
  0x000000001a040000 JavaThread "Attach Listener" daemon [_thread_blocked, id=3372, stack(0x000000001a510000,0x000000001a610000)]
  0x000000001a03f000 JavaThread "Signal Dispatcher" daemon [_thread_blocked, id=3444, stack(0x000000001a410000,0x000000001a510000)]
  0x0000000002d7e000 JavaThread "Finalizer" daemon [_thread_blocked, id=496, stack(0x0000000019c50000,0x0000000019d50000)]
  0x0000000017d8d000 JavaThread "Reference Handler" daemon [_thread_blocked, id=5008, stack(0x0000000019b50000,0x0000000019c50000)]
  0x0000000002c83800 JavaThread "main" [_thread_blocked, id=4144, stack(0x0000000002b80000,0x0000000002c80000)]

Other Threads:
  0x0000000017d88800 VMThread [stack: 0x0000000019a50000,0x0000000019b50000] [id=3504]
  0x000000001a103000 WatcherThread [stack: 0x000000001ab10000,0x000000001ac10000] [id=804]

VM state:not at safepoint (normal execution)

VM Mutex/Monitor currently owned by a thread: None

Heap:
 PSYoungGen      total 54784K, used 23181K [0x00000000d5900000, 0x00000000da080000, 0x0000000100000000)
  eden space 43520K, 53% used [0x00000000d5900000,0x00000000d6fa37f0,0x00000000d8380000)
  from space 11264K, 0% used [0x00000000d9180000,0x00000000d9180000,0x00000000d9c80000)
  to   space 14336K, 0% used [0x00000000d8380000,0x00000000d8380000,0x00000000d9180000)
 ParOldGen       total 67584K, used 17093K [0x0000000080a00000, 0x0000000084c00000, 0x00000000d5900000)
  object space 67584K, 25% used [0x0000000080a00000,0x0000000081ab1560,0x0000000084c00000)
 Metaspace       used 36953K, capacity 38426K, committed 38656K, reserved 1083392K
  class space    used 5079K, capacity 5318K, committed 5376K, reserved 1048576K

Card table byte_map: [0x0000000012140000,0x0000000012540000] byte_map_base: 0x0000000011d3b000

Marking Bits: (ParMarkBitMap*) 0x0000000056d2a5b0
 Begin Bits: [0x0000000012ff0000, 0x0000000014fc8000)
 End Bits:   [0x0000000014fc8000, 0x0000000016fa0000)

Polling page: 0x00000000029d0000

CodeCache: size=245760Kb used=12845Kb max_used=12845Kb free=232914Kb
 bounds [0x0000000002d80000, 0x0000000003a20000, 0x0000000011d80000]
 total_blobs=4964 nmethods=4148 adapters=727
 compilation: enabled

Compilation events (10 events):
Event: 12.633 Thread 0x000000001a052000 4144       3       com.sun.javafx.sg.prism.NGNode::<init> (97 bytes)
Event: 12.634 Thread 0x000000001a052000 nmethod 4144 0x0000000003a07d50 code [0x0000000003a07f00, 0x0000000003a085d0]
Event: 12.634 Thread 0x000000001a052000 4145       3       com.sun.javafx.sg.prism.NGNode::setVisible (18 bytes)
Event: 12.634 Thread 0x000000001a047800 nmethod 4066 0x0000000003a0bd90 code [0x0000000003a0bf20, 0x0000000003a0c788]
Event: 12.634 Thread 0x000000001a052000 nmethod 4145 0x0000000003a07790 code [0x0000000003a07900, 0x0000000003a07c88]
Event: 12.634 Thread 0x000000001a052000 4146       3       com.sun.javafx.sg.prism.NGNode::setParent (11 bytes)
Event: 12.634 Thread 0x000000001a052000 nmethod 4146 0x0000000003a07450 code [0x0000000003a075a0, 0x0000000003a07710]
Event: 12.634 Thread 0x000000001a052000 4147       3       javafx.scene.Node::impl_updatePeer (364 bytes)
Event: 12.636 Thread 0x000000001a047800 4157       4       javafx.beans.property.ObjectPropertyBase::isBound (13 bytes)
Event: 12.636 Thread 0x000000001a047800 nmethod 4157 0x0000000003934f50 code [0x0000000003935080, 0x00000000039350f8]

GC Heap History (10 events):
Event: 2.478 GC heap before
{Heap before GC invocations=4 (full 1):
 PSYoungGen      total 38400K, used 5106K [0x00000000d5900000, 0x00000000d8380000, 0x0000000100000000)
  eden space 33280K, 0% used [0x00000000d5900000,0x00000000d5900000,0x00000000d7980000)
  from space 5120K, 99% used [0x00000000d7980000,0x00000000d7e7cad0,0x00000000d7e80000)
  to   space 5120K, 0% used [0x00000000d7e80000,0x00000000d7e80000,0x00000000d8380000)
 ParOldGen       total 87552K, used 6743K [0x0000000080a00000, 0x0000000085f80000, 0x00000000d5900000)
  object space 87552K, 7% used [0x0000000080a00000,0x0000000081095e28,0x0000000085f80000)
 Metaspace       used 20856K, capacity 21086K, committed 21296K, reserved 1069056K
  class space    used 2540K, capacity 2633K, committed 2688K, reserved 1048576K
Event: 2.498 GC heap after
Heap after GC invocations=4 (full 1):
 PSYoungGen      total 38400K, used 0K [0x00000000d5900000, 0x00000000d8380000, 0x0000000100000000)
  eden space 33280K, 0% used [0x00000000d5900000,0x00000000d5900000,0x00000000d7980000)
  from space 5120K, 0% used [0x00000000d7980000,0x00000000d7980000,0x00000000d7e80000)
  to   space 5120K, 0% used [0x00000000d7e80000,0x00000000d7e80000,0x00000000d8380000)
 ParOldGen       total 67584K, used 8580K [0x0000000080a00000, 0x0000000084c00000, 0x00000000d5900000)
  object space 67584K, 12% used [0x0000000080a00000,0x0000000081261258,0x0000000084c00000)
 Metaspace       used 20856K, capacity 21086K, committed 21296K, reserved 1069056K
  class space    used 2540K, capacity 2633K, committed 2688K, reserved 1048576K
}
Event: 2.896 GC heap before
{Heap before GC invocations=5 (full 1):
 PSYoungGen      total 38400K, used 33280K [0x00000000d5900000, 0x00000000d8380000, 0x0000000100000000)
  eden space 33280K, 100% used [0x00000000d5900000,0x00000000d7980000,0x00000000d7980000)
  from space 5120K, 0% used [0x00000000d7980000,0x00000000d7980000,0x00000000d7e80000)
  to   space 5120K, 0% used [0x00000000d7e80000,0x00000000d7e80000,0x00000000d8380000)
 ParOldGen       total 67584K, used 8580K [0x0000000080a00000, 0x0000000084c00000, 0x00000000d5900000)
  object space 67584K, 12% used [0x0000000080a00000,0x0000000081261258,0x0000000084c00000)
 Metaspace       used 23105K, capacity 23472K, committed 23808K, reserved 1071104K
  class space    used 2826K, capacity 2956K, committed 3072K, reserved 1048576K
Event: 2.898 GC heap after
Heap after GC invocations=5 (full 1):
 PSYoungGen      total 38400K, used 2754K [0x00000000d5900000, 0x00000000d9080000, 0x0000000100000000)
  eden space 33280K, 0% used [0x00000000d5900000,0x00000000d5900000,0x00000000d7980000)
  from space 5120K, 53% used [0x00000000d7e80000,0x00000000d8130a30,0x00000000d8380000)
  to   space 5120K, 0% used [0x00000000d7980000,0x00000000d7980000,0x00000000d7e80000)
 ParOldGen       total 67584K, used 8588K [0x0000000080a00000, 0x0000000084c00000, 0x00000000d5900000)
  object space 67584K, 12% used [0x0000000080a00000,0x0000000081263258,0x0000000084c00000)
 Metaspace       used 23105K, capacity 23472K, committed 23808K, reserved 1071104K
  class space    used 2826K, capacity 2956K, committed 3072K, reserved 1048576K
}
Event: 3.671 GC heap before
{Heap before GC invocations=6 (full 1):
 PSYoungGen      total 38400K, used 36034K [0x00000000d5900000, 0x00000000d9080000, 0x0000000100000000)
  eden space 33280K, 100% used [0x00000000d5900000,0x00000000d7980000,0x00000000d7980000)
  from space 5120K, 53% used [0x00000000d7e80000,0x00000000d8130a30,0x00000000d8380000)
  to   space 5120K, 0% used [0x00000000d7980000,0x00000000d7980000,0x00000000d7e80000)
 ParOldGen       total 67584K, used 8588K [0x0000000080a00000, 0x0000000084c00000, 0x00000000d5900000)
  object space 67584K, 12% used [0x0000000080a00000,0x0000000081263258,0x0000000084c00000)
 Metaspace       used 31572K, capacity 32050K, committed 32256K, reserved 1077248K
  class space    used 4177K, capacity 4336K, committed 4352K, reserved 1048576K
Event: 3.675 GC heap after
Heap after GC invocations=6 (full 1):
 PSYoungGen      total 38400K, used 5089K [0x00000000d5900000, 0x00000000d9c80000, 0x0000000100000000)
  eden space 33280K, 0% used [0x00000000d5900000,0x00000000d5900000,0x00000000d7980000)
  from space 5120K, 99% used [0x00000000d7980000,0x00000000d7e78638,0x00000000d7e80000)
  to   space 11264K, 0% used [0x00000000d9180000,0x00000000d9180000,0x00000000d9c80000)
 ParOldGen       total 67584K, used 9833K [0x0000000080a00000, 0x0000000084c00000, 0x00000000d5900000)
  object space 67584K, 14% used [0x0000000080a00000,0x000000008139a4e8,0x0000000084c00000)
 Metaspace       used 31572K, capacity 32050K, committed 32256K, reserved 1077248K
  class space    used 4177K, capacity 4336K, committed 4352K, reserved 1048576K
}
Event: 11.220 GC heap before
{Heap before GC invocations=7 (full 1):
 PSYoungGen      total 38400K, used 26790K [0x00000000d5900000, 0x00000000d9c80000, 0x0000000100000000)
  eden space 33280K, 65% used [0x00000000d5900000,0x00000000d6e313d8,0x00000000d7980000)
  from space 5120K, 99% used [0x00000000d7980000,0x00000000d7e78638,0x00000000d7e80000)
  to   space 11264K, 0% used [0x00000000d9180000,0x00000000d9180000,0x00000000d9c80000)
 ParOldGen       total 67584K, used 9833K [0x0000000080a00000, 0x0000000084c00000, 0x00000000d5900000)
  object space 67584K, 14% used [0x0000000080a00000,0x000000008139a4e8,0x0000000084c00000)
 Metaspace       used 34387K, capacity 35312K, committed 35456K, reserved 1079296K
  class space    used 4719K, capacity 4909K, committed 4992K, reserved 1048576K
Event: 11.227 GC heap after
Heap after GC invocations=7 (full 1):
 PSYoungGen      total 54784K, used 11245K [0x00000000d5900000, 0x00000000da080000, 0x0000000100000000)
  eden space 43520K, 0% used [0x00000000d5900000,0x00000000d5900000,0x00000000d8380000)
  from space 11264K, 99% used [0x00000000d9180000,0x00000000d9c7b688,0x00000000d9c80000)
  to   space 14336K, 0% used [0x00000000d8380000,0x00000000d8380000,0x00000000d9180000)
 ParOldGen       total 67584K, used 11969K [0x0000000080a00000, 0x0000000084c00000, 0x00000000d5900000)
  object space 67584K, 17% used [0x0000000080a00000,0x00000000815b04f8,0x0000000084c00000)
 Metaspace       used 34387K, capacity 35312K, committed 35456K, reserved 1079296K
  class space    used 4719K, capacity 4909K, committed 4992K, reserved 1048576K
}
Event: 11.227 GC heap before
{Heap before GC invocations=8 (full 2):
 PSYoungGen      total 54784K, used 11245K [0x00000000d5900000, 0x00000000da080000, 0x0000000100000000)
  eden space 43520K, 0% used [0x00000000d5900000,0x00000000d5900000,0x00000000d8380000)
  from space 11264K, 99% used [0x00000000d9180000,0x00000000d9c7b688,0x00000000d9c80000)
  to   space 14336K, 0% used [0x00000000d8380000,0x00000000d8380000,0x00000000d9180000)
 ParOldGen       total 67584K, used 11969K [0x0000000080a00000, 0x0000000084c00000, 0x00000000d5900000)
  object space 67584K, 17% used [0x0000000080a00000,0x00000000815b04f8,0x0000000084c00000)
 Metaspace       used 34387K, capacity 35312K, committed 35456K, reserved 1079296K
  class space    used 4719K, capacity 4909K, committed 4992K, reserved 1048576K
Event: 11.267 GC heap after
Heap after GC invocations=8 (full 2):
 PSYoungGen      total 54784K, used 0K [0x00000000d5900000, 0x00000000da080000, 0x0000000100000000)
  eden space 43520K, 0% used [0x00000000d5900000,0x00000000d5900000,0x00000000d8380000)
  from space 11264K, 0% used [0x00000000d9180000,0x00000000d9180000,0x00000000d9c80000)
  to   space 14336K, 0% used [0x00000000d8380000,0x00000000d8380000,0x00000000d9180000)
 ParOldGen       total 67584K, used 17093K [0x0000000080a00000, 0x0000000084c00000, 0x00000000d5900000)
  object space 67584K, 25% used [0x0000000080a00000,0x0000000081ab1560,0x0000000084c00000)
 Metaspace       used 34387K, capacity 35312K, committed 35456K, reserved 1079296K
  class space    used 4719K, capacity 4909K, committed 4992K, reserved 1048576K
}

Deoptimization events (10 events):
Event: 12.455 Thread 0x000000001a055000 Uncommon trap: reason=array_check action=maybe_recompile pc=0x0000000003785868 method=com.sun.javafx.css.SimpleSelector.applies(Ljavafx/css/Styleable;[Ljava/util/Set;I)Z @ 37
Event: 12.455 Thread 0x000000001a055000 Uncommon trap: reason=array_check action=maybe_recompile pc=0x0000000003785868 method=com.sun.javafx.css.SimpleSelector.applies(Ljavafx/css/Styleable;[Ljava/util/Set;I)Z @ 37
Event: 12.455 Thread 0x000000001a055000 Uncommon trap: reason=array_check action=maybe_recompile pc=0x0000000003785868 method=com.sun.javafx.css.SimpleSelector.applies(Ljavafx/css/Styleable;[Ljava/util/Set;I)Z @ 37
Event: 12.483 Thread 0x000000001a055000 Uncommon trap: reason=unstable_if action=reinterpret pc=0x000000000369668c method=java.util.ArrayList.indexOf(Ljava/lang/Object;)I @ 1
Event: 12.508 Thread 0x000000001a055000 Uncommon trap: reason=bimorphic action=maybe_recompile pc=0x00000000038c115c method=java.util.WeakHashMap.eq(Ljava/lang/Object;Ljava/lang/Object;)Z @ 7
Event: 12.539 Thread 0x000000001a055000 Uncommon trap: reason=array_check action=maybe_recompile pc=0x000000000392ca7c method=com.sun.javafx.css.CompoundSelector.applies(Ljavafx/css/Styleable;[Ljava/util/Set;I)Z @ 128
Event: 12.539 Thread 0x000000001a055000 Uncommon trap: reason=array_check action=maybe_recompile pc=0x000000000392ca7c method=com.sun.javafx.css.CompoundSelector.applies(Ljavafx/css/Styleable;[Ljava/util/Set;I)Z @ 128
Event: 12.539 Thread 0x000000001a055000 Uncommon trap: reason=array_check action=maybe_recompile pc=0x000000000392ca7c method=com.sun.javafx.css.CompoundSelector.applies(Ljavafx/css/Styleable;[Ljava/util/Set;I)Z @ 128
Event: 12.539 Thread 0x000000001a055000 Uncommon trap: reason=array_check action=maybe_recompile pc=0x000000000392ca7c method=com.sun.javafx.css.CompoundSelector.applies(Ljavafx/css/Styleable;[Ljava/util/Set;I)Z @ 128
Event: 12.625 Thread 0x000000001a055000 Uncommon trap: reason=bimorphic action=maybe_recompile pc=0x00000000038c115c method=java.util.WeakHashMap.eq(Ljava/lang/Object;Ljava/lang/Object;)Z @ 7

Internal exceptions (10 events):
Event: 2.181 Thread 0x0000000002c83800 Exception <a 'java/lang/NullPointerException'> (0x00000000d5c50cd0) thrown at [C:\workspace\8-2-build-windows-amd64-cygwin\jdk8u65\4987\hotspot\src\share\vm\runtime\reflection.cpp, line 922]
Event: 2.232 Thread 0x0000000002c83800 Exception <a 'java/lang/ArrayIndexOutOfBoundsException'> (0x00000000d5fbf430) thrown at [C:\workspace\8-2-build-windows-amd64-cygwin\jdk8u65\4987\hotspot\src\share\vm\runtime\sharedRuntime.cpp, line 605]
Event: 2.299 Thread 0x0000000002c83800 Exception <a 'java/lang/ArrayIndexOutOfBoundsException'> (0x00000000d6407750) thrown at [C:\workspace\8-2-build-windows-amd64-cygwin\jdk8u65\4987\hotspot\src\share\vm\runtime\sharedRuntime.cpp, line 605]
Event: 2.299 Thread 0x0000000002c83800 Exception <a 'java/lang/ArrayIndexOutOfBoundsException'> (0x00000000d6408b28) thrown at [C:\workspace\8-2-build-windows-amd64-cygwin\jdk8u65\4987\hotspot\src\share\vm\runtime\sharedRuntime.cpp, line 605]
Event: 2.300 Thread 0x0000000002c83800 Exception <a 'java/lang/ArrayIndexOutOfBoundsException'> (0x00000000d6409ee8) thrown at [C:\workspace\8-2-build-windows-amd64-cygwin\jdk8u65\4987\hotspot\src\share\vm\runtime\sharedRuntime.cpp, line 605]
Event: 2.304 Thread 0x0000000002c83800 Exception <a 'java/lang/ArrayIndexOutOfBoundsException': 52> (0x00000000d644f588) thrown at [C:\workspace\8-2-build-windows-amd64-cygwin\jdk8u65\4987\hotspot\src\share\vm\interpreter\interpreterRuntime.cpp, line 366]
Event: 2.304 Thread 0x0000000002c83800 Exception <a 'java/lang/ArrayIndexOutOfBoundsException': 51> (0x00000000d6450248) thrown at [C:\workspace\8-2-build-windows-amd64-cygwin\jdk8u65\4987\hotspot\src\share\vm\interpreter\interpreterRuntime.cpp, line 366]
Event: 3.178 Thread 0x000000001a055000 Exception <a 'java/lang/NullPointerException'> (0x00000000d6bb43c0) thrown at [C:\workspace\8-2-build-windows-amd64-cygwin\jdk8u65\4987\hotspot\src\share\vm\interpreter\linkResolver.cpp, line 1178]
Event: 3.178 Thread 0x000000001a055000 Exception <a 'java/lang/NullPointerException'> (0x00000000d6bb43c0) thrown at [C:\workspace\8-2-build-windows-amd64-cygwin\jdk8u65\4987\hotspot\src\share\vm\prims\jvm.cpp, line 1390]
Event: 12.483 Thread 0x000000001a055000 Implicit null exception at 0x0000000003696496 to 0x000000000369667a

Events (10 events):
Event: 12.578 loading class com/sun/javafx/scene/control/behavior/TableCellBehaviorBase done
Event: 12.579 loading class javafx/beans/Observable
Event: 12.579 loading class javafx/beans/Observable done
Event: 12.579 loading class javafx/beans/Observable
Event: 12.579 loading class javafx/beans/Observable done
Event: 12.579 loading class com/sun/javafx/scene/control/skin/TableCellSkinBase
Event: 12.579 loading class com/sun/javafx/scene/control/skin/TableCellSkinBase done
Event: 12.625 Thread 0x000000001a055000 Uncommon trap: trap_request=0xffffffc6 fr.pc=0x00000000038c115c
Event: 12.625 Thread 0x000000001a055000 DEOPT PACKING pc=0x00000000038c115c sp=0x000000001bb38700
Event: 12.625 Thread 0x000000001a055000 DEOPT UNPACKING pc=0x0000000002dc582a sp=0x000000001bb38628 mode 2


Dynamic libraries:
0x00007ff768f90000 - 0x00007ff768fc7000 	C:\Program Files\Java\jdk1.8.0_65\bin\javaw.exe
0x00007ff8f5c70000 - 0x00007ff8f5e1c000 	C:\Windows\SYSTEM32\ntdll.dll
0x00007ff8f5050000 - 0x00007ff8f518a000 	C:\Windows\system32\KERNEL32.DLL
0x00007ff8f3030000 - 0x00007ff8f313f000 	C:\Windows\system32\KERNELBASE.dll
0x00007ff8f1ab0000 - 0x00007ff8f1b3e000 	C:\Windows\system32\apphelp.dll
0x00007ff8d9800000 - 0x00007ff8d9853000 	C:\Windows\AppPatch\AppPatch64\AcGenral.DLL
0x00007ff8f4f40000 - 0x00007ff8f4fe7000 	C:\Windows\system32\msvcrt.dll
0x00007ff8f2d60000 - 0x00007ff8f2d8b000 	C:\Windows\SYSTEM32\SspiCli.dll
0x00007ff8f3950000 - 0x00007ff8f39a1000 	C:\Windows\system32\SHLWAPI.dll
0x00007ff8f36e0000 - 0x00007ff8f3851000 	C:\Windows\system32\USER32.dll
0x00007ff8f33c0000 - 0x00007ff8f3538000 	C:\Windows\system32\ole32.dll
0x00007ff8f3a10000 - 0x00007ff8f4f28000 	C:\Windows\system32\SHELL32.dll
0x00007ff8f2520000 - 0x00007ff8f253e000 	C:\Windows\SYSTEM32\USERENV.dll
0x00007ff8f54c0000 - 0x00007ff8f5565000 	C:\Windows\system32\ADVAPI32.dll
0x00007ff8e1b70000 - 0x00007ff8e1b8b000 	C:\Windows\SYSTEM32\MPR.dll
0x00007ff8f5750000 - 0x00007ff8f5887000 	C:\Windows\system32\RPCRT4.dll
0x00007ff8f5890000 - 0x00007ff8f58e9000 	C:\Windows\SYSTEM32\sechost.dll
0x00007ff8f5570000 - 0x00007ff8f5746000 	C:\Windows\SYSTEM32\combase.dll
0x00007ff8f5190000 - 0x00007ff8f52d4000 	C:\Windows\system32\GDI32.dll
0x00007ff8f2eb0000 - 0x00007ff8f2ec4000 	C:\Windows\SYSTEM32\profapi.dll
0x00007ff8f0ed0000 - 0x00007ff8f0f82000 	C:\Windows\SYSTEM32\SHCORE.dll
0x00007ff8f3910000 - 0x00007ff8f3944000 	C:\Windows\system32\IMM32.DLL
0x00007ff8f5900000 - 0x00007ff8f5a52000 	C:\Windows\system32\MSCTF.dll
0x0000000057970000 - 0x00000000579f8000 	C:\Windows\System32\SYSFER.DLL
0x00007ff8efed0000 - 0x00007ff8f014b000 	C:\Windows\WinSxS\amd64_microsoft.windows.common-controls_6595b64144ccf1df_6.0.9600.17784_none_624760d1ecb7236e\COMCTL32.dll
0x0000000056db0000 - 0x0000000056e82000 	C:\Program Files\Java\jdk1.8.0_65\jre\bin\msvcr100.dll
0x0000000056520000 - 0x0000000056da9000 	C:\Program Files\Java\jdk1.8.0_65\jre\bin\server\jvm.dll
0x00007ff8eb880000 - 0x00007ff8eb889000 	C:\Windows\SYSTEM32\WSOCK32.dll
0x00007ff8efac0000 - 0x00007ff8efadf000 	C:\Windows\SYSTEM32\WINMM.dll
0x00007ff8f0ec0000 - 0x00007ff8f0eca000 	C:\Windows\SYSTEM32\VERSION.dll
0x00007ff8f5c60000 - 0x00007ff8f5c67000 	C:\Windows\system32\PSAPI.DLL
0x00007ff8f4ff0000 - 0x00007ff8f5048000 	C:\Windows\system32\WS2_32.dll
0x00007ff8efa50000 - 0x00007ff8efa7a000 	C:\Windows\SYSTEM32\WINMMBASE.dll
0x00007ff8f4f30000 - 0x00007ff8f4f39000 	C:\Windows\system32\NSI.dll
0x00007ff8f3190000 - 0x00007ff8f31da000 	C:\Windows\SYSTEM32\cfgmgr32.dll
0x00007ff8f1d00000 - 0x00007ff8f1d26000 	C:\Windows\SYSTEM32\DEVOBJ.dll
0x0000000056510000 - 0x000000005651f000 	C:\Program Files\Java\jdk1.8.0_65\jre\bin\verify.dll
0x00000000564e0000 - 0x0000000056509000 	C:\Program Files\Java\jdk1.8.0_65\jre\bin\java.dll
0x00000000564c0000 - 0x00000000564d6000 	C:\Program Files\Java\jdk1.8.0_65\jre\bin\zip.dll
0x00007ff8d6ae0000 - 0x00007ff8d6bcf000 	C:\Program Files\Java\jdk1.8.0_65\jre\bin\msvcr120.dll
0x00007ff8d83a0000 - 0x00007ff8d8446000 	C:\Program Files\Java\jdk1.8.0_65\jre\bin\msvcp120.dll
0x0000000056490000 - 0x00000000564b3000 	C:\Program Files\Java\jdk1.8.0_65\jre\bin\prism_d3d.dll
0x00007ff8d68d0000 - 0x00007ff8d6ad8000 	C:\Windows\system32\d3d9.dll
0x00007ff8f0ea0000 - 0x00007ff8f0ec0000 	C:\Windows\SYSTEM32\dwmapi.dll
0x00007ff8f1bd0000 - 0x00007ff8f1cf1000 	C:\Windows\system32\uxtheme.dll
0x00007ff8f0f90000 - 0x00007ff8f10bf000 	C:\Windows\SYSTEM32\aticfx64.dll
0x00007ff8f0390000 - 0x00007ff8f03b0000 	C:\Windows\SYSTEM32\atiu9p64.dll
0x00007ff8cd0b0000 - 0x00007ff8cd797000 	C:\Windows\SYSTEM32\atiumd64.dll
0x0000000055690000 - 0x0000000055d09000 	C:\Windows\SYSTEM32\atiumd6a.dll
0x0000000055dc0000 - 0x0000000055e03000 	C:\Program Files\Java\jdk1.8.0_65\jre\bin\glass.dll
0x00007ff8f5a60000 - 0x00007ff8f5afa000 	C:\Windows\system32\COMDLG32.dll
0x00007ff8f5b20000 - 0x00007ff8f5be1000 	C:\Windows\system32\OLEAUT32.dll
0x00007ff8f1d30000 - 0x00007ff8f1d3a000 	C:\Windows\SYSTEM32\kernel.appcore.dll
0x00007ff8f2df0000 - 0x00007ff8f2dfa000 	C:\Windows\SYSTEM32\CRYPTBASE.dll
0x00007ff8f2d90000 - 0x00007ff8f2df0000 	C:\Windows\SYSTEM32\bcryptPrimitives.dll
0x0000000055da0000 - 0x0000000055dba000 	C:\Program Files\Java\jdk1.8.0_65\jre\bin\net.dll
0x00007ff8f2770000 - 0x00007ff8f27c8000 	C:\Windows\system32\mswsock.dll
0x00007ff8f27d0000 - 0x00007ff8f27ee000 	C:\Windows\SYSTEM32\CRYPTSP.dll
0x00007ff8f2410000 - 0x00007ff8f2445000 	C:\Windows\system32\rsaenh.dll
0x00007ff8f2a60000 - 0x00007ff8f2a86000 	C:\Windows\SYSTEM32\bcrypt.dll
0x00007ff8ee7f0000 - 0x00007ff8ee819000 	C:\Windows\SYSTEM32\IPHLPAPI.DLL
0x00007ff8ee7e0000 - 0x00007ff8ee7ea000 	C:\Windows\SYSTEM32\WINNSI.DLL
0x00007ff8ee560000 - 0x00007ff8ee574000 	C:\Windows\SYSTEM32\dhcpcsvc6.DLL
0x00007ff8ee4a0000 - 0x00007ff8ee4b9000 	C:\Windows\SYSTEM32\dhcpcsvc.DLL
0x0000000055d80000 - 0x0000000055d91000 	C:\Program Files\Java\jdk1.8.0_65\jre\bin\nio.dll
0x0000000055d30000 - 0x0000000055d44000 	C:\Program Files\Java\jdk1.8.0_65\jre\bin\javafx_font.dll
0x00007ff8ef820000 - 0x00007ff8efa07000 	C:\Windows\SYSTEM32\dwrite.dll
0x00007ff8f3860000 - 0x00007ff8f3904000 	C:\Windows\SYSTEM32\clbcatq.dll
0x00007ff8ef290000 - 0x00007ff8ef43e000 	C:\Windows\SYSTEM32\WindowsCodecs.dll
0x00007ff8e4520000 - 0x00007ff8e454e000 	C:\Program Files\Common Files\Microsoft Shared\Ink\rtscom.dll
0x0000000055d10000 - 0x0000000055d21000 	C:\Program Files\Java\jdk1.8.0_65\jre\bin\prism_common.dll

VM Arguments:
jvm_args: -Dfile.encoding=Cp1252 
java_command: application.Main
java_class_path (initial): C:\Users\Tecnico_Noite\Desktop\WorkspaceDesktop\HM_Patrimonio\bin;C:\Users\Tecnico_Noite\Desktop\WorkspaceDesktop\HM_Patrimonio\libs\antlr-2.7.7.jar;C:\Users\Tecnico_Noite\Desktop\WorkspaceDesktop\HM_Patrimonio\libs\aopalliance.jar;C:\Users\Tecnico_Noite\Desktop\WorkspaceDesktop\HM_Patrimonio\libs\classmate-1.0.0.jar;C:\Users\Tecnico_Noite\Desktop\WorkspaceDesktop\HM_Patrimonio\libs\commons-logging-1.2.jar;C:\Users\Tecnico_Noite\Desktop\WorkspaceDesktop\HM_Patrimonio\libs\dom4j-1.6.1.jar;C:\Users\Tecnico_Noite\Desktop\WorkspaceDesktop\HM_Patrimonio\libs\hibernate-commons-annotations-4.0.5.Final.jar;C:\Users\Tecnico_Noite\Desktop\WorkspaceDesktop\HM_Patrimonio\libs\hibernate-core-4.3.8.Final.jar;C:\Users\Tecnico_Noite\Desktop\WorkspaceDesktop\HM_Patrimonio\libs\hibernate-entitymanager-4.3.8.Final.jar;C:\Users\Tecnico_Noite\Desktop\WorkspaceDesktop\HM_Patrimonio\libs\hibernate-jpa-2.1-api-1.0.0.Final.jar;C:\Users\Tecnico_Noite\Desktop\WorkspaceDesktop\HM_Patrimonio\libs\hibernate-validator-5.1.3.Final.jar;C:\Users\Tecnico_Noite\Desktop\WorkspaceDesktop\HM_Patrimonio\libs\jandex-1.1.0.Final.jar;C:\Users\Tecnico_Noite\Desktop\WorkspaceDesktop\HM_Patrimonio\libs\javassist-3.18.1-GA.jar;C:\Users\Tecnico_Noite\Desktop\WorkspaceDesktop\HM_Patrimonio\libs\javax.servlet.jsp.jstl-1.2.1.jar;C:\Users\Tecnico_Noite\Desktop\WorkspaceDesktop\HM_Patrimonio\libs\javax.servlet.jsp.jstl-api-1.2.1.jar;C:\Users\Tecnico_Noite\Desktop\WorkspaceDesktop\HM_Patrimonio\libs\jboss-logging-3.1.3.GA.jar;C:\Users\Tecnico_Noite\Desktop\WorkspaceDesktop\HM_Patrimonio\libs\jboss-logging-annotations-1.2.0.Beta1.jar;C:\Users\Tecnico_Noite\Desktop\WorkspaceDesktop\HM_Patrimonio\libs\jboss-transaction-api_1.2_spec-1.0.0.Final.jar;C:\Users\Tecnico_Noite\Desktop\WorkspaceDesktop\HM_Patrimonio\libs\log4j-1.2.16.jar;C:\Users\Tecnico_Noite\Desktop\WorkspaceDesktop\HM_Patrimonio\libs\mysql-connector-java-5.1.34-bin.jar;C:\Users\Tecnico_Noite\Desktop\WorkspaceDesktop\HM_Patrimonio\l
Launcher Type: SUN_STANDARD

Environment Variables:
PATH=C:/Program Files/Java/jre1.8.0_65/bin/server;C:/Program Files/Java/jre1.8.0_65/bin;C:/Program Files/Java/jre1.8.0_65/lib/amd64;C:\ProgramData\Oracle\Java\javapath;C:\Windows\system32;C:\Windows;C:\Windows\System32\Wbem;C:\Windows\System32\WindowsPowerShell\v1.0\;c:\Program Files\Java\jdk1.8.0_25\bin;C:\Program Files\MySQL\MySQL Server 5.6\bin;C:\Users\Tecnico_Noite\Desktop\Nova pasta\Eclipse FX\eclipse;
USERNAME=Tecnico_Noite
OS=Windows_NT
PROCESSOR_IDENTIFIER=Intel64 Family 6 Model 42 Stepping 7, GenuineIntel



---------------  S Y S T E M  ---------------

OS: Windows 8.1 , 64 bit Build 9600 (6.3.9600.17056)

CPU:total 8 (4 cores per cpu, 2 threads per core) family 6 model 42 stepping 7, cmov, cx8, fxsr, mmx, sse, sse2, sse3, ssse3, sse4.1, sse4.2, popcnt, avx, aes, clmul, ht, tsc, tscinvbit

Memory: 4k page, physical 8344512k(1428736k free), swap 33510336k(5100k free)

vm_info: Java HotSpot(TM) 64-Bit Server VM (25.65-b01) for windows-amd64 JRE (1.8.0_65-b17), built on Oct  6 2015 16:39:20 by "java_re" with MS VC++ 10.0 (VS2010)

time: Thu Nov 12 21:15:02 2015
elapsed time: 12 seconds (0d 0h 0m 12s)

